# JRE version: OpenJDK Runtime Environment (8.0_202-b03) (build 1.8.0_202-release-1483-b03)
# Java VM: OpenJDK 64-Bit Server VM (25.202-b03 mixed mode windows-amd64 compressed oops)
Heap:
 PSYoungGen      total 168448K, used 35811K [0x00000000e0000000, 0x00000000eba80000, 0x0000000100000000)
  eden space 148480K, 24% used [0x00000000e0000000,0x00000000e22f8c10,0x00000000e9100000)
  from space 19968K, 0% used [0x00000000e9100000,0x00000000e9100000,0x00000000ea480000)
  to   space 15872K, 0% used [0x00000000ea480000,0x00000000ea480000,0x00000000eb400000)
 ParOldGen       total 57344K, used 28670K [0x00000000a0000000, 0x00000000a3800000, 0x00000000e0000000)
  object space 57344K, 49% used [0x00000000a0000000,0x00000000a1bff850,0x00000000a3800000)
 Metaspace       used 59354K, capacity 60986K, committed 61144K, reserved 1101824K
  class space    used 8022K, capacity 8398K, committed 8448K, reserved 1048576K
GC Heap History (10 events):
Event: 9.162 GC heap before
{Heap before GC invocations=12 (full 2):
 PSYoungGen      total 133632K, used 9142K [0x00000000e0000000, 0x00000000eac00000, 0x0000000100000000)
  eden space 122880K, 0% used [0x00000000e0000000,0x00000000e0000000,0x00000000e7800000)
  from space 10752K, 85% used [0x00000000e8480000,0x00000000e8d6d908,0x00000000e8f00000)
  to   space 12800K, 0% used [0x00000000e7800000,0x00000000e7800000,0x00000000e8480000)
 ParOldGen       total 38400K, used 11675K [0x00000000a0000000, 0x00000000a2580000, 0x00000000e0000000)
  object space 38400K, 30% used [0x00000000a0000000,0x00000000a0b66f10,0x00000000a2580000)
 Metaspace       used 34520K, capacity 35238K, committed 35416K, reserved 1079296K
  class space    used 4738K, capacity 4934K, committed 4992K, reserved 1048576K
Event: 9.234 GC heap after
Heap after GC invocations=12 (full 2):
 PSYoungGen      total 133632K, used 0K [0x00000000e0000000, 0x00000000eac00000, 0x0000000100000000)
  eden space 122880K, 0% used [0x00000000e0000000,0x00000000e0000000,0x00000000e7800000)
  from space 10752K, 0% used [0x00000000e8480000,0x00000000e8480000,0x00000000e8f00000)
  to   space 12800K, 0% used [0x00000000e7800000,0x00000000e7800000,0x00000000e8480000)
 ParOldGen       total 57344K, used 15813K [0x00000000a0000000, 0x00000000a3800000, 0x00000000e0000000)
  object space 57344K, 27% used [0x00000000a0000000,0x00000000a0f71728,0x00000000a3800000)
 Metaspace       used 34518K, capacity 35232K, committed 35416K, reserved 1079296K
  class space    used 4738K, capacity 4933K, committed 4992K, reserved 1048576K
}
Event: 12.896 GC heap before
{Heap before GC invocations=13 (full 2):
 PSYoungGen      total 133632K, used 122880K [0x00000000e0000000, 0x00000000eac00000, 0x0000000100000000)
  eden space 122880K, 100% used [0x00000000e0000000,0x00000000e7800000,0x00000000e7800000)
  from space 10752K, 0% used [0x00000000e8480000,0x00000000e8480000,0x00000000e8f00000)
  to   space 12800K, 0% used [0x00000000e7800000,0x00000000e7800000,0x00000000e8480000)
 ParOldGen       total 57344K, used 15813K [0x00000000a0000000, 0x00000000a3800000, 0x00000000e0000000)
  object space 57344K, 27% used [0x00000000a0000000,0x00000000a0f71728,0x00000000a3800000)
 Metaspace       used 46007K, capacity 46982K, committed 47192K, reserved 1089536K
  class space    used 6171K, capacity 6454K, committed 6528K, reserved 1048576K
Event: 12.911 GC heap after
Heap after GC invocations=13 (full 2):
 PSYoungGen      total 135680K, used 12773K [0x00000000e0000000, 0x00000000eb400000, 0x0000000100000000)
  eden space 122880K, 0% used [0x00000000e0000000,0x00000000e0000000,0x00000000e7800000)
  from space 12800K, 99% used [0x00000000e7800000,0x00000000e8479690,0x00000000e8480000)
  to   space 15872K, 0% used [0x00000000ea480000,0x00000000ea480000,0x00000000eb400000)
 ParOldGen       total 57344K, used 19035K [0x00000000a0000000, 0x00000000a3800000, 0x00000000e0000000)
  object space 57344K, 33% used [0x00000000a0000000,0x00000000a1296db8,0x00000000a3800000)
 Metaspace       used 46007K, capacity 46982K, committed 47192K, reserved 1089536K
  class space    used 6171K, capacity 6454K, committed 6528K, reserved 1048576K
}
Event: 15.924 GC heap before
{Heap before GC invocations=14 (full 2):
 PSYoungGen      total 135680K, used 135653K [0x00000000e0000000, 0x00000000eb400000, 0x0000000100000000)
  eden space 122880K, 100% used [0x00000000e0000000,0x00000000e7800000,0x00000000e7800000)
  from space 12800K, 99% used [0x00000000e7800000,0x00000000e8479690,0x00000000e8480000)
  to   space 15872K, 0% used [0x00000000ea480000,0x00000000ea480000,0x00000000eb400000)
 ParOldGen       total 57344K, used 19035K [0x00000000a0000000, 0x00000000a3800000, 0x00000000e0000000)
  object space 57344K, 33% used [0x00000000a0000000,0x00000000a1296db8,0x00000000a3800000)
 Metaspace       used 56343K, capacity 57832K, committed 58200K, reserved 1099776K
  class space    used 7593K, capacity 7961K, committed 8064K, reserved 1048576K
Event: 15.943 GC heap after
Heap after GC invocations=14 (full 2):
 PSYoungGen      total 164352K, used 15869K [0x00000000e0000000, 0x00000000eba80000, 0x0000000100000000)
  eden space 148480K, 0% used [0x00000000e0000000,0x00000000e0000000,0x00000000e9100000)
  from space 15872K, 99% used [0x00000000ea480000,0x00000000eb3ff580,0x00000000eb400000)
  to   space 19968K, 0% used [0x00000000e9100000,0x00000000e9100000,0x00000000ea480000)
 ParOldGen       total 57344K, used 24263K [0x00000000a0000000, 0x00000000a3800000, 0x00000000e0000000)
  object space 57344K, 42% used [0x00000000a0000000,0x00000000a17b1d98,0x00000000a3800000)
 Metaspace       used 56343K, capacity 57832K, committed 58200K, reserved 1099776K
  class space    used 7593K, capacity 7961K, committed 8064K, reserved 1048576K
}
Event: 16.155 GC heap before
{Heap before GC invocations=15 (full 2):
 PSYoungGen      total 164352K, used 35747K [0x00000000e0000000, 0x00000000eba80000, 0x0000000100000000)
  eden space 148480K, 13% used [0x00000000e0000000,0x00000000e1369858,0x00000000e9100000)
  from space 15872K, 99% used [0x00000000ea480000,0x00000000eb3ff580,0x00000000eb400000)
  to   space 19968K, 0% used [0x00000000e9100000,0x00000000e9100000,0x00000000ea480000)
 ParOldGen       total 57344K, used 24263K [0x00000000a0000000, 0x00000000a3800000, 0x00000000e0000000)
  object space 57344K, 42% used [0x00000000a0000000,0x00000000a17b1d98,0x00000000a3800000)
 Metaspace       used 57484K, capacity 58966K, committed 59028K, reserved 1099776K
  class space    used 7782K, capacity 8172K, committed 8192K, reserved 1048576K
Event: 16.172 GC heap after
Heap after GC invocations=15 (full 2):
 PSYoungGen      total 168448K, used 6794K [0x00000000e0000000, 0x00000000eba80000, 0x0000000100000000)
  eden space 148480K, 0% used [0x00000000e0000000,0x00000000e0000000,0x00000000e9100000)
  from space 19968K, 34% used [0x00000000e9100000,0x00000000e97a2b80,0x00000000ea480000)
  to   space 15872K, 0% used [0x00000000ea480000,0x00000000ea480000,0x00000000eb400000)
 ParOldGen       total 57344K, used 31736K [0x00000000a0000000, 0x00000000a3800000, 0x00000000e0000000)
  object space 57344K, 55% used [0x00000000a0000000,0x00000000a1efe3b0,0x00000000a3800000)
 Metaspace       used 57484K, capacity 58966K, committed 59028K, reserved 1099776K
  class space    used 7782K, capacity 8172K, committed 8192K, reserved 1048576K
}
Event: 16.172 GC heap before
{Heap before GC invocations=16 (full 3):
 PSYoungGen      total 168448K, used 6794K [0x00000000e0000000, 0x00000000eba80000, 0x0000000100000000)
  eden space 148480K, 0% used [0x00000000e0000000,0x00000000e0000000,0x00000000e9100000)
  from space 19968K, 34% used [0x00000000e9100000,0x00000000e97a2b80,0x00000000ea480000)
  to   space 15872K, 0% used [0x00000000ea480000,0x00000000ea480000,0x00000000eb400000)
 ParOldGen       total 57344K, used 31736K [0x00000000a0000000, 0x00000000a3800000, 0x00000000e0000000)
  object space 57344K, 55% used [0x00000000a0000000,0x00000000a1efe3b0,0x00000000a3800000)
 Metaspace       used 57484K, capacity 58966K, committed 59028K, reserved 1099776K
  class space    used 7782K, capacity 8172K, committed 8192K, reserved 1048576K
Event: 16.385 GC heap after
Heap after GC invocations=16 (full 3):
 PSYoungGen      total 168448K, used 0K [0x00000000e0000000, 0x00000000eba80000, 0x0000000100000000)
  eden space 148480K, 0% used [0x00000000e0000000,0x00000000e0000000,0x00000000e9100000)
  from space 19968K, 0% used [0x00000000e9100000,0x00000000e9100000,0x00000000ea480000)
  to   space 15872K, 0% used [0x00000000ea480000,0x00000000ea480000,0x00000000eb400000)
 ParOldGen       total 57344K, used 28670K [0x00000000a0000000, 0x00000000a3800000, 0x00000000e0000000)
  object space 57344K, 49% used [0x00000000a0000000,0x00000000a1bff850,0x00000000a3800000)
 Metaspace       used 57484K, capacity 58966K, committed 59028K, reserved 1099776K
  class space    used 7782K, capacity 8172K, committed 8192K, reserved 1048576K
}

