# JRE version: OpenJDK Runtime Environment (8.0_202-b03) (build 1.8.0_202-release-1483-b03)
# Java VM: OpenJDK 64-Bit Server VM (25.202-b03 mixed mode windows-amd64 compressed oops)
Heap:
 PSYoungGen      total 71168K, used 50266K [0x00000000e0000000, 0x00000000e4d00000, 0x0000000100000000)
  eden space 64000K, 78% used [0x00000000e0000000,0x00000000e3116ac0,0x00000000e3e80000)
  from space 7168K, 0% used [0x00000000e3e80000,0x00000000e3e80000,0x00000000e4580000)
  to   space 6656K, 0% used [0x00000000e4580000,0x00000000e4580000,0x00000000e4c00000)
 ParOldGen       total 31744K, used 9200K [0x00000000a0000000, 0x00000000a1f00000, 0x00000000e0000000)
  object space 31744K, 28% used [0x00000000a0000000,0x00000000a08fc168,0x00000000a1f00000)
 Metaspace       used 27180K, capacity 27602K, committed 28032K, reserved 1073152K
  class space    used 3708K, capacity 3874K, committed 3968K, reserved 1048576K
GC Heap History (10 events):
Event: 5.725 GC heap before
{Heap before GC invocations=6 (full 0):
 PSYoungGen      total 18944K, used 18928K [0x00000000e0000000, 0x00000000e2a00000, 0x0000000100000000)
  eden space 16384K, 100% used [0x00000000e0000000,0x00000000e1000000,0x00000000e1000000)
  from space 2560K, 99% used [0x00000000e1000000,0x00000000e127c010,0x00000000e1280000)
  to   space 5120K, 0% used [0x00000000e2500000,0x00000000e2500000,0x00000000e2a00000)
 ParOldGen       total 44032K, used 4446K [0x00000000a0000000, 0x00000000a2b00000, 0x00000000e0000000)
  object space 44032K, 10% used [0x00000000a0000000,0x00000000a0457860,0x00000000a2b00000)
 Metaspace       used 13501K, capacity 13912K, committed 14080K, reserved 1060864K
  class space    used 1855K, capacity 1988K, committed 2048K, reserved 1048576K
Event: 5.731 GC heap after
Heap after GC invocations=6 (full 0):
 PSYoungGen      total 37376K, used 4272K [0x00000000e0000000, 0x00000000e2b00000, 0x0000000100000000)
  eden space 32256K, 0% used [0x00000000e0000000,0x00000000e0000000,0x00000000e1f80000)
  from space 5120K, 83% used [0x00000000e2500000,0x00000000e292c1a8,0x00000000e2a00000)
  to   space 5632K, 0% used [0x00000000e1f80000,0x00000000e1f80000,0x00000000e2500000)
 ParOldGen       total 44032K, used 4446K [0x00000000a0000000, 0x00000000a2b00000, 0x00000000e0000000)
  object space 44032K, 10% used [0x00000000a0000000,0x00000000a0457860,0x00000000a2b00000)
 Metaspace       used 13501K, capacity 13912K, committed 14080K, reserved 1060864K
  class space    used 1855K, capacity 1988K, committed 2048K, reserved 1048576K
}
Event: 6.989 GC heap before
{Heap before GC invocations=7 (full 0):
 PSYoungGen      total 37376K, used 36528K [0x00000000e0000000, 0x00000000e2b00000, 0x0000000100000000)
  eden space 32256K, 100% used [0x00000000e0000000,0x00000000e1f80000,0x00000000e1f80000)
  from space 5120K, 83% used [0x00000000e2500000,0x00000000e292c1a8,0x00000000e2a00000)
  to   space 5632K, 0% used [0x00000000e1f80000,0x00000000e1f80000,0x00000000e2500000)
 ParOldGen       total 44032K, used 4446K [0x00000000a0000000, 0x00000000a2b00000, 0x00000000e0000000)
  object space 44032K, 10% used [0x00000000a0000000,0x00000000a0457860,0x00000000a2b00000)
 Metaspace       used 16248K, capacity 16616K, committed 16896K, reserved 1062912K
  class space    used 2307K, capacity 2446K, committed 2560K, reserved 1048576K
Event: 6.997 GC heap after
Heap after GC invocations=7 (full 0):
 PSYoungGen      total 37888K, used 5629K [0x00000000e0000000, 0x00000000e4c00000, 0x0000000100000000)
  eden space 32256K, 0% used [0x00000000e0000000,0x00000000e0000000,0x00000000e1f80000)
  from space 5632K, 99% used [0x00000000e1f80000,0x00000000e24ff708,0x00000000e2500000)
  to   space 6656K, 0% used [0x00000000e4580000,0x00000000e4580000,0x00000000e4c00000)
 ParOldGen       total 44032K, used 5687K [0x00000000a0000000, 0x00000000a2b00000, 0x00000000e0000000)
  object space 44032K, 12% used [0x00000000a0000000,0x00000000a058dfd8,0x00000000a2b00000)
 Metaspace       used 16248K, capacity 16616K, committed 16896K, reserved 1062912K
  class space    used 2307K, capacity 2446K, committed 2560K, reserved 1048576K
}
Event: 7.768 GC heap before
{Heap before GC invocations=8 (full 0):
 PSYoungGen      total 37888K, used 37885K [0x00000000e0000000, 0x00000000e4c00000, 0x0000000100000000)
  eden space 32256K, 100% used [0x00000000e0000000,0x00000000e1f80000,0x00000000e1f80000)
  from space 5632K, 99% used [0x00000000e1f80000,0x00000000e24ff708,0x00000000e2500000)
  to   space 6656K, 0% used [0x00000000e4580000,0x00000000e4580000,0x00000000e4c00000)
 ParOldGen       total 44032K, used 5687K [0x00000000a0000000, 0x00000000a2b00000, 0x00000000e0000000)
  object space 44032K, 12% used [0x00000000a0000000,0x00000000a058dfd8,0x00000000a2b00000)
 Metaspace       used 19211K, capacity 19604K, committed 19840K, reserved 1067008K
  class space    used 2782K, capacity 2902K, committed 2944K, reserved 1048576K
Event: 7.778 GC heap after
Heap after GC invocations=8 (full 0):
 PSYoungGen      total 70656K, used 5631K [0x00000000e0000000, 0x00000000e4d00000, 0x0000000100000000)
  eden space 64000K, 0% used [0x00000000e0000000,0x00000000e0000000,0x00000000e3e80000)
  from space 6656K, 84% used [0x00000000e4580000,0x00000000e4affea0,0x00000000e4c00000)
  to   space 7168K, 0% used [0x00000000e3e80000,0x00000000e3e80000,0x00000000e4580000)
 ParOldGen       total 44032K, used 6639K [0x00000000a0000000, 0x00000000a2b00000, 0x00000000e0000000)
  object space 44032K, 15% used [0x00000000a0000000,0x00000000a067bff8,0x00000000a2b00000)
 Metaspace       used 19211K, capacity 19604K, committed 19840K, reserved 1067008K
  class space    used 2782K, capacity 2902K, committed 2944K, reserved 1048576K
}
Event: 8.056 GC heap before
{Heap before GC invocations=9 (full 0):
 PSYoungGen      total 70656K, used 15371K [0x00000000e0000000, 0x00000000e4d00000, 0x0000000100000000)
  eden space 64000K, 15% used [0x00000000e0000000,0x00000000e0983108,0x00000000e3e80000)
  from space 6656K, 84% used [0x00000000e4580000,0x00000000e4affea0,0x00000000e4c00000)
  to   space 7168K, 0% used [0x00000000e3e80000,0x00000000e3e80000,0x00000000e4580000)
 ParOldGen       total 44032K, used 6639K [0x00000000a0000000, 0x00000000a2b00000, 0x00000000e0000000)
  object space 44032K, 15% used [0x00000000a0000000,0x00000000a067bff8,0x00000000a2b00000)
 Metaspace       used 20770K, capacity 21108K, committed 21248K, reserved 1067008K
  class space    used 2916K, capacity 3062K, committed 3072K, reserved 1048576K
Event: 8.063 GC heap after
Heap after GC invocations=9 (full 0):
 PSYoungGen      total 71168K, used 3956K [0x00000000e0000000, 0x00000000e4d00000, 0x0000000100000000)
  eden space 64000K, 0% used [0x00000000e0000000,0x00000000e0000000,0x00000000e3e80000)
  from space 7168K, 55% used [0x00000000e3e80000,0x00000000e425d200,0x00000000e4580000)
  to   space 6656K, 0% used [0x00000000e4580000,0x00000000e4580000,0x00000000e4c00000)
 ParOldGen       total 44032K, used 7444K [0x00000000a0000000, 0x00000000a2b00000, 0x00000000e0000000)
  object space 44032K, 16% used [0x00000000a0000000,0x00000000a0745060,0x00000000a2b00000)
 Metaspace       used 20770K, capacity 21108K, committed 21248K, reserved 1067008K
  class space    used 2916K, capacity 3062K, committed 3072K, reserved 1048576K
}
Event: 8.063 GC heap before
{Heap before GC invocations=10 (full 1):
 PSYoungGen      total 71168K, used 3956K [0x00000000e0000000, 0x00000000e4d00000, 0x0000000100000000)
  eden space 64000K, 0% used [0x00000000e0000000,0x00000000e0000000,0x00000000e3e80000)
  from space 7168K, 55% used [0x00000000e3e80000,0x00000000e425d200,0x00000000e4580000)
  to   space 6656K, 0% used [0x00000000e4580000,0x00000000e4580000,0x00000000e4c00000)
 ParOldGen       total 44032K, used 7444K [0x00000000a0000000, 0x00000000a2b00000, 0x00000000e0000000)
  object space 44032K, 16% used [0x00000000a0000000,0x00000000a0745060,0x00000000a2b00000)
 Metaspace       used 20770K, capacity 21108K, committed 21248K, reserved 1067008K
  class space    used 2916K, capacity 3062K, committed 3072K, reserved 1048576K
Event: 8.109 GC heap after
Heap after GC invocations=10 (full 1):
 PSYoungGen      total 71168K, used 0K [0x00000000e0000000, 0x00000000e4d00000, 0x0000000100000000)
  eden space 64000K, 0% used [0x00000000e0000000,0x00000000e0000000,0x00000000e3e80000)
  from space 7168K, 0% used [0x00000000e3e80000,0x00000000e3e80000,0x00000000e4580000)
  to   space 6656K, 0% used [0x00000000e4580000,0x00000000e4580000,0x00000000e4c00000)
 ParOldGen       total 31744K, used 9200K [0x00000000a0000000, 0x00000000a1f00000, 0x00000000e0000000)
  object space 31744K, 28% used [0x00000000a0000000,0x00000000a08fc168,0x00000000a1f00000)
 Metaspace       used 20770K, capacity 21108K, committed 21248K, reserved 1067008K
  class space    used 2916K, capacity 3062K, committed 3072K, reserved 1048576K
}

